f:\nxopen\nxopen++\word_c++\word_c++\debug\word_c++.pch
f:\nxopen\nxopen++\word_c++\word_c++\debug\vc120.pdb
f:\nxopen\nxopen++\word_c++\word_c++\debug\vc120.idb
f:\nxopen\nxopen++\word_c++\word_c++\debug\stdafx.obj
f:\nxopen\nxopen++\word_c++\word_c++\debug\my_word.obj
f:\nxopen\nxopen++\word_c++\word_c++\debug\word_c++.obj
f:\nxopen\nxopen++\word_c++\word_c++\debug\word_c++dlg.obj
f:\nxopen\nxopen++\word_c++\debug\word_c++.ilk
f:\nxopen\nxopen++\word_c++\debug\word_c++.exe
f:\nxopen\nxopen++\word_c++\debug\word_c++.pdb
f:\nxopen\nxopen++\word_c++\word_c++\debug\word_c++.res
f:\nxopen\nxopen++\word_c++\debug\word_c++.lib
f:\nxopen\nxopen++\word_c++\debug\word_c++.exp
f:\nxopen\nxopen++\word_c++\word_c++\debug\word_c++.tlog\cl.command.1.tlog
f:\nxopen\nxopen++\word_c++\word_c++\debug\word_c++.tlog\cl.read.1.tlog
f:\nxopen\nxopen++\word_c++\word_c++\debug\word_c++.tlog\cl.write.1.tlog
f:\nxopen\nxopen++\word_c++\word_c++\debug\word_c++.tlog\link.command.1.tlog
f:\nxopen\nxopen++\word_c++\word_c++\debug\word_c++.tlog\link.read.1.tlog
f:\nxopen\nxopen++\word_c++\word_c++\debug\word_c++.tlog\link.write.1.tlog
f:\nxopen\nxopen++\word_c++\word_c++\debug\word_c++.tlog\rc.command.1.tlog
f:\nxopen\nxopen++\word_c++\word_c++\debug\word_c++.tlog\rc.read.1.tlog
f:\nxopen\nxopen++\word_c++\word_c++\debug\word_c++.tlog\rc.write.1.tlog
f:\nxopen\nxopen++\word_c++\word_c++\debug\word_c++.tlog\word_c++.write.1u.tlog
